<?xml version="1.0" encoding="UTF-8"?>
<!-- Generated by org.testng.reporters.JUnitXMLReporter -->
<testsuite ignored="0" hostname="LTIN217455" failures="0" tests="3" name="EdgeTest" time="86.837" errors="0" timestamp="2024-02-20T17:44:02 IST">
  <testcase classname="TestCases.TC001_beCognizant" name="userVerification" time="0.0">
    <skipped/>
  </testcase> <!-- userVerification -->
  <testcase classname="TestCases.TC001_beCognizant" name="oneCognizantFunctions" time="0.0">
    <skipped/>
  </testcase> <!-- oneCognizantFunctions -->
  <testcase classname="TestCases.TC001_beCognizant" name="timeSheetNavigation" time="0.0">
    <skipped/>
  </testcase> <!-- timeSheetNavigation -->
</testsuite> <!-- EdgeTest -->
